<?xml version="1.0" encoding="UTF-8"?>
<testng-results total="7" passed="7" failed="0" skipped="0">
  <reporter-output>
  </reporter-output>
  <suite started-at="2024-09-25T09:40:23Z" name="Test Suite for Buildout" finished-at="2024-09-25T09:41:57Z" duration-ms="94807">
    <groups>
    </groups>
    <test started-at="2024-09-25T09:40:23Z" name="Test Cases for Buildout" finished-at="2024-09-25T09:41:57Z" duration-ms="94807">
      <class name="demo.TestCases">
        <test-method is-config="true" signature="startBrowser()[pri:0, instance:demo.TestCases@74a6a609]" started-at="2024-09-25T15:10:23Z" name="startBrowser" finished-at="2024-09-25T15:10:25Z" duration-ms="2315" status="PASS">
          <reporter-output>
          </reporter-output>
        </test-method> <!-- startBrowser -->
        <test-method signature="testCase01()[pri:0, instance:demo.TestCases@74a6a609]" started-at="2024-09-25T15:10:25Z" name="testCase01" finished-at="2024-09-25T15:10:34Z" duration-ms="9003" status="PASS">
          <reporter-output>
          </reporter-output>
        </test-method> <!-- testCase01 -->
        <test-method signature="testCase02()[pri:0, instance:demo.TestCases@74a6a609]" started-at="2024-09-25T15:10:34Z" name="testCase02" finished-at="2024-09-25T15:10:43Z" duration-ms="8666" status="PASS">
          <reporter-output>
          </reporter-output>
        </test-method> <!-- testCase02 -->
        <test-method signature="testCase03()[pri:0, instance:demo.TestCases@74a6a609]" started-at="2024-09-25T15:10:43Z" name="testCase03" finished-at="2024-09-25T15:10:55Z" duration-ms="12230" status="PASS">
          <reporter-output>
          </reporter-output>
        </test-method> <!-- testCase03 -->
        <test-method signature="testCase04()[pri:0, instance:demo.TestCases@74a6a609]" started-at="2024-09-25T15:10:55Z" name="testCase04" finished-at="2024-09-25T15:11:13Z" duration-ms="18215" status="PASS">
          <reporter-output>
          </reporter-output>
        </test-method> <!-- testCase04 -->
        <test-method signature="testCase05(java.lang.String)[pri:0, instance:demo.TestCases@74a6a609]" started-at="2024-09-25T15:11:14Z" name="testCase05" data-provider="searchItems" finished-at="2024-09-25T15:11:26Z" duration-ms="12261" status="PASS">
          <params>
            <param index="0">
              <value>
                <![CDATA[Movies]]>
              </value>
            </param>
          </params>
          <reporter-output>
          </reporter-output>
        </test-method> <!-- testCase05 -->
        <test-method signature="testCase05(java.lang.String)[pri:0, instance:demo.TestCases@74a6a609]" started-at="2024-09-25T15:11:26Z" name="testCase05" data-provider="searchItems" finished-at="2024-09-25T15:11:35Z" duration-ms="9412" status="PASS">
          <params>
            <param index="0">
              <value>
                <![CDATA[Music]]>
              </value>
            </param>
          </params>
          <reporter-output>
          </reporter-output>
        </test-method> <!-- testCase05 -->
        <test-method signature="testCase05(java.lang.String)[pri:0, instance:demo.TestCases@74a6a609]" started-at="2024-09-25T15:11:35Z" name="testCase05" data-provider="searchItems" finished-at="2024-09-25T15:11:57Z" duration-ms="21362" status="PASS">
          <params>
            <param index="0">
              <value>
                <![CDATA[Games]]>
              </value>
            </param>
          </params>
          <reporter-output>
          </reporter-output>
        </test-method> <!-- testCase05 -->
        <test-method is-config="true" signature="endTest()[pri:0, instance:demo.TestCases@74a6a609]" started-at="2024-09-25T15:11:57Z" name="endTest" finished-at="2024-09-25T15:11:57Z" duration-ms="781" status="PASS">
          <reporter-output>
          </reporter-output>
        </test-method> <!-- endTest -->
      </class> <!-- demo.TestCases -->
    </test> <!-- Test Cases for Buildout -->
  </suite> <!-- Test Suite for Buildout -->
</testng-results>
